<?xml version="1.0" encoding="UTF-8"?>
<!-- Generated by org.testng.reporters.JUnitReportReporter -->
<testsuite hostname="Milans-MacBook-Air.local" failures="0" tests="1" name="com.hitachigroupid.runner.TestRunner" time="6.425" errors="0" timestamp="2025-04-03T15:33:28 IST" skipped="0">
  <testcase classname="com.hitachigroupid.runner.TestRunner" name="runScenario" time="6.425"/>
</testsuite> <!-- com.hitachigroupid.runner.TestRunner -->
